[   0.0000] nitiizin croupsusys puet
[  0.0000] Itialzig cgou subsys cpu
[    0.000000] Intilizing cgroup subsys cpuacct
[    0.000000] Linux version 4.4.0-103-generic (buildd@lcy01-amd64-001) (gcc version 5.4.0 20160609 (Ubuntu 5.4.0-6ubuntu1~16.04.5) ) #126-Ubuntu SMP Mon Dec 4 16:23:28 UTC 2017 (Ubuntu 4.4.0-103.126-generic 4.4.98)
[    0.000000] Command line: BOOT_IMAGE=/boot/vmlinuz-4.4.0-103-generic root=LABEL=cloudimg-rootfs ro console=tty1 console=ttyS0
[    0.000000] KERNEL supported cpus:
[    0.000000]   Intel GenuineIntel
[    0.000000]   AMD AuthenticAMD
[    0.000000]   Centaur CentaurHauls
[    0.000000] x86/fpu: xstate_offset[2]:  576, xstate_sizes[2]:  256
[    0.000000] x86/fpu: Supporting XSAVE feature 0x01: 'x87 floating point registers'
[    0.000000] x86/fpu: Supporting XSAVE feature 0x02: 'SSE registers'
[    0.000000] x86/fpu: Supporting XSAVE feature 0x04: 'AVX registers'
[    0.000000] x86/fpu: Enabled xstate features 0x7, context size is 832 bytes, using 'standard' format.
[    0.000000] x86/fpu: Using 'lazy' FPU context switches.
[    0.000000] e820: BIOS-provided physical RAM map:
[    0.000000] BIOS-e820: [mem 0x0000000000000000-0x000000000009fbff] usable
[    0.000000] BIOS-e820: [mem 0x000000000009fc00-0x000000000009ffff] reserved
[    0.000000] BIOS-e820: [mem 0x00000000000f0000-0x00000000000fffff] reserved
[    0.000000] BIOS-e820: [mem 0x0000000000100000-0x000000003ffeffff] usable
[    0.000000] BIOS-e820: [mem 0x000000003fff0000-0x000000003fffffff] ACPI data
[    0.000000] BIOS-e820: [mem 0x00000000fec00000-0x00000000fec00fff] reserved
[    0.000000] BIOS-e820: [mem 0x00000000fee00000-0x00000000fee00fff] reserved
[    0.000000] BIOS-e820: [mem 0x00000000fffc0000-0x00000000ffffffff] reserved
[    0.000000] NX (Execute Disable) protection: active
[    0.000000] SMBIOS 2.5 present.
[    0.000000] Hypervisor detected: KVM
[    0.000000] e820: last_pfn = 0x3fff0 max_arch_pfn = 0x400000000
[    0.000000] MTRR: Disabled
[    0.000000] x86/PAT: MTRRs disabled, skipping PAT initialization too.
[    0.000000] CPU MTRRs all blank - virtualized system.
[    0.00000]x86/AT Confguation [0-]:WB  T UC- C WB  WT UC UC 
    0.000000] fondSMP M-tbl a [me 00009fff0x000fff] mapped at [ffff88000009fff0]
[    0.000000] Scanning 1 areas for low memory corruption
[    0.00000]RAMDISK: [mem 0x36ade000-0x37566fff]
[    0.000000] ACPI: Early table checks vrificatonisabed
[    0.00000]ACPI: RSDP 0x00000000000E0000 000024 (v02 VOX)
[  0.00000 ACPI: XSDT 0x000000003FFF0030 00003C 01 VOX  BOXSDT000000 AL  000061)
[   000000]ACI: FP 0x000000FF00F0 0004 (v04VBX   VBOXACP 000001 ASL  00000061)
[    0.000000] ACPI: DSDT 0x000000003FFF0470 0021FF 02 VBO  BOXBOS000000 INT 2100528)
[   0.0000] ACP: ACS x000003FFF00000000
[  0.0000] CP: FAS x00000003FFF02 00000
[  0.000000] ACPI: APC x000000003FFF0240 00005C (v02 VBOX   VBOXAPIC 00000001 ASL  00000061)
[    0.000000] ACPI: SSDT 0x000000003FFF02A0 0001CC (v01 VBOX   VBOXCPUT 00000002 INTL 20100528)
[    0.000000] No NUMA configuration found
[    0.000000] Faking a node t mem x000000000000-0000000ffefff
[   .0000] NODE_DTA0) aloated[mm 0x3fe000-x3fefff]
[    00000] vmclck: sing mrs4b564d01 and 4b564d00
[    0.00000] vm-cck: cp 0 msr0:3ffe3001, primary cpu clock
[    0.000000] kvm-clock: using sched offset of 10173732295 cycles
[    0.000000] clocksoure: kvm-clock: mask: 0xffffffffffffffff mx_cyle: 0x1c42e4ffb,ma_idle_ns: 88595948 ns[    0.0000] Zonerages:
[   0.00000   DMA     [em 0x000000001000-0x0000000000ffffff]
[    0.000000]   DMA32    [mem 0x0000000001000000-0x000000003ffeffff]
[    0.000000]   Normal   empty
[    0.000000]   Device   empty
[    0.0000]Movable zone start foreachnoe
[  0.0000] Early memory node ranges
[    0.000000]   node   0: [mem 0x0000000000001000-0x000000000009efff]
[    0.000000]   node   0: [mem 0x0000000000100000-0x000000003ffeffff]
[    0.000000] Initmem setup node 0 [mem 0x0000000000001000-0x000000003ffeffff]
[    0.000000] ACPI: PM-Timer IO Port: 0x4008
[    0.000000] IOAPIC[0]: apic_id 2,version 32, address 0xfec00000, GSI 0-23
[    0.000000] ACPI: INT_SRC_OVR (bus 0 bus_irq 0 global_irq 2 dfl dfl)
[    0.000000] ACPI: INT_SRC_OVR (bus 0 bus_irq 9 global_irq 9 low level)
[    0.000000] Using ACPI (MADT) for SMP configuration information
[    0.000000] smpboot: Allowing 2 CPUs, 0 hotplug CPUs
[    0.000000] PM: Registered nosave memory: [mem 0x00000000-0x00000fff]
[    0.000000] PM: Registered nosave memory: [mem 0x0009f000-0x0009ffff]
[    0.000000] PM: Registered nosave memory: [mem 0x000a0000-0x000effff]
[    0.000000] PM: Registered nosave memory: [mem 0x000f0000-0x000fffff]
[    0.000000] e820: [mem 0x40000000-0xfebfffff] available for PCI devices
[    0.000000] Booting paravirtualized kernel on KVM
[    0.000000] clocksource: refined-jiffies: mask: 0xffffffff max_cycles: 0xffffffff, max_idle_ns: 7645519600211568 ns
[    0.000000] setup_percpu: NR_CPUS:512 nr_cpumask_bits:512 nr_cpu_ids:2 nr_node_ids:1
[    0.000000] PERCPU: Embedded 33 pages/cpu @ffff88003fc00000 s98200 r8192 d28776 u1048576
[    0.000000] PV qspinlock hash table entries: 256 (order: 0, 4096 bytes)
[    0.000000] Built 1 zonelists in Node order, mobility grouping on.  Total pages: 257913
[    0.000000] Policy zone: DMA32
[    0.000000] Kernel commandline: BOOT_IMAGE=/boot/vmlinuz-4.4.0-103-generic root=LABEL=cloimg-rootfs ro console=tty1 console=ttyS0
[    0.000000] PID hash table entries: 4096 (order: 3, 32768 bytes)
[    0.000000] Memory: 1001784K/1048120K available (8485K kernel code, 1295K rwdata, 3988K rodata, 1492K init, 1316K bss, 46336K reserved, 0K cma-reserved)
[    0.000000] SLUB: HWalign=64, Order=0-3, MinObjects=0, CPUs=2, Nodes=1
[    0.000000] Hierarchical RCU implementation.
[    0.000000] 	Build-time adjustment of leaf fanout to 64.
[    0.000000] 	RCU restricting CPUs from NR_CPUS=512 to nr_cpu_ids=2.
[    0.000000] RCU: Adjusting geometry for rcu_fanout_leaf=64, nr_cpu_ids=2
[    0.000000] NR_IRQS:33024 nr_irqs:440 16
[    0.000000] Console: colour VGA+ 80x25
[    0.000000] console [tty1] enabled
[    0.000000] console [ttyS0] enabled
[    0.000000] tsc: Detected 2400.002 MHz processor
[    6.599066] Calibrating delay loop (skipped) preset value.. 4800.00 BogoMIPS (lpj=9600008)
[    6.601395] pid_max: default: 32768 minimum: 301
[   6.602733] ACPI: Corerevision 20150930
[    6.664388] ACPI: 2 ACPI AML tables successfully acquired and loaded
[    6.684614] Security Framework initialized
[    6.692616] Yama: becoming mindful.
[    6.693662] AppArmor: AppArmor initialized
[    6.694946] Dentry cache hash table entries: 131072 (order: 8, 1048576 bytes)
[    6.696873] Inode-cache hash table entries: 65536 (order: 7, 524288 bytes)
[    6.701840] Mount-cache hash table entries: 2048 (order: 2, 16384 bytes)
[    6.708056] Mountpoint-cache hash table entries: 2048 (order: 2, 16384 bytes)
[    6.709966] Initializing cgroup subsys io
[    6.711122] Initializing cgroup subsys memory
[    6.712323] Initializing cgroup subsys devices
[    6.713544] Initializing cgroup subsys freezer
[    6.714872] Initializing cgroup subsys net_cls
[    6.761776] Initializing cgroup subsys perf_event
[    6.763905] Initializing cgroup subsys net_prio
[    6.768101] Initializing cgroup subsys hugetlb
[    6.772169] Initializing cgroup subsys pids
[    6.787882] CPU: Physical Processor ID: 0
[    6.855508] CPU: Processor Core ID: 0
[    6.942032] mce: CPU supports 0 MCE banks
[    7.015267] Last level iTLB entries: 4KB 64, 2MB 8, 4MB 8
[    7.126907] Last level dTLB entries: 4KB 64, 2MB 0, 4MB 0, 1GB 4
[    7.154976] Freeing SMP alternatives memory: 32K
[    7.178759] ftrace: allocating 32158 entries in 126 pages
[    7.269082] smpboot: APIC(0) Converting physical 0 to logical package 0
[    7.287249] smpboot: Max logical packages: 1
[    7.317062] x2apic enabled
[    7.370594] Switched APIC routing to physical x2apic.
[    7.466026] ..TIMER: vector=0x30 apic1=0 pin1=2 apic2=-1 pin2=-1
[    7.679099] smpboot: CPU0: Intel(R) Core(TM) i5-6200U CPU @ 2.30GHz (family: 0x6, model: 0x4e, stepping: 0x3)
[    7.864105] Performance Events: unsupported p6 CPU model 78 no PMU driver, software events only.
[    8.032654] KVM setup paravirtual spinlock
[    8.123717] x86: Booting SMP configuration:
[    8.172900] .... node  #0, CPUs:      #1
[    8.253637] kvm-clock: cpu 1, msr 0:3ffe3041, secondary cpu clock
[    8.280873] mce: CPU supports 0 MCE banks
[    8.286430] x86: Booted up 1 node, 2 CPUs
[    8.291124] smpboot: Total of 2 processors activated (9600.00 BogoMIPS)
[    8.308099] devtmpfs: initialized
[    8.352714] evm: security.selinux
[    8.354297] evm: security.SMACK64
[    8.378390] evm: security.SMACK64EXEC
[    8.399861] evm: security.SMACK64TRANSMUTE
[    8.400699] evm: security.SMACK64MMAP
[    8.401476] evm: security.ima
[    8.403308] evm: security.capability
[    8.440235] clocksource: jiffies: mask: 0xffffffff max_cycles: 0xffffffff, max_idle_ns: 7645041785100000 ns
[    8.481910] futex hash table entries: 512 (order: 3, 32768 bytes)
[    8.540805] pinctrl core: initialized pinctrl subsystem
[    8.575948] RTC time:  5:14:08, date: 12/25/17
[    8.593002] NET: Registered protocol family 16
[    8.620462] cpuidle: using governor ladder
[    8.635893] cpuidle: using governor menu
[    8.645697] PCCT header not found.
[    8.647004] ACPI: bus type PCI registered
[    8.660876] acpiphp: ACPI Hot Plug PCI Controller Driver version: 0.5
[    8.666105] PCI: Using configuration type 1 for base access
[    8.683594] ACPI: Added _OSI(Module Device)
[    8.692712] ACPI: Added _OSI(Processor Device)
[    8.716601] ACPI: Added _OSI(3.0 _SCP Extensions)
[    8.717530] ACPI: Added _OSI(Processor Aggregator Device)
[    8.719400] ACPI: Executed 1 blocks of module-level executable AML code
[    8.722741] ACPI: Interpreter enabled
[    8.729481] ACPI: (supports S0 S5)
[    8.730243] ACPI: Using IOAPIC for interrupt routing
[    8.772533] PCI: Using host bridge windows from ACPI; if necessary, use "pci=nocrs" and report a bug
[    8.782314] ACPI: PCI Root Bridge [PCI0] (domain 0000 [bus 00-ff])
[    8.821186] acpi PNP0A03:00: _OSC: OS supports [ASPM ClockPM Segments MSI]
[    8.928071] acpi PNP0A03:00: _OSC: not requesting OS control; OS requires [ExtendedConfig ASPM ClockPM MSI]
[    9.069204] acpi PNP0A03:00: fail to add MMCONFIG information, can't access extended PCI configuration space under this bridge.
[    9.125921] PCI host bridge to bus 0000:00
[    9.158961] pci_bus 0000:00: root bus resource [io  0x0000-0x0cf7 window]
[    9.219712] pci_bus 0000:00: root bus resource [io  0x0d00-0xffff window]
[    9.281320] pci_bus 0000:00: root bus resource [mem 0x000a0000-0x000bffff window]
[    9.317164] pci_bus 0000:00: root bus resource [mem 0x40000000-0xfdffffff window]
[    9.338374] pci_bus 0000:00: root bus resource [bus 00-ff]
[    9.358573] pci 0000:00:01.1: legacy IDE quirk: reg 0x10: [io  0x01f0-0x01f7]
[    9.369079] pci 0000:00:01.1: legacy IDE quirk: reg 0x14: [io  0x03f6]
[    9.372596] pci 0000:00:01.1: legacy IDE quirk: reg 0x18: [io  0x0170-0x0177]
[    9.381377] pci 0000:00:01.1: legacy IDE quirk: reg 0x1c: [io  0x0376]
[    9.421553] pci 0000:00:07.0: quirk: [io  0x4000-0x403f] claimed by PIIX4 ACPI
[    9.424726] pci 0000:00:07.0: quirk: [io  0x4100-0x410f] claimed by PIIX4 SMB
[    9.444168] ACPI: PCI Interrupt Link [LNKA] (IRQs 5 9 10 *11)
[    9.473616] ACPI: PCI Interrupt Link [LNKB] (IRQs 5 9 *10 11)
[    9.483733] ACPI: PCI Interrupt Link [LNKC] (IRQs 5 *9 10 11)
[    9.487479] ACPI: PCI Interrupt Link [LNKD] (IRQs 5 9 10 *11)
[    9.501273] ACPI: Enabled 2 GPEs in block 00 to 07
[    9.505221] vgaarb: setting as boot device: PCI:0000:00:02.0
[    9.526391] vgaarb: device added: PCI:0000:00:02.0,decodes=io+mem,owns=io+mem,locks=none
[    9.529246] vgaarb: loaded
[    9.530536] vgaarb: bridge control possible 0000:00:02.0
[    9.533062] SCSI subsystem initialized
[    9.535030] ACPI: bus type USB registered
[    9.544942] usbcore: registered new interface driver usbfs
[    9.561241] usbcore: registered new interface driver hub
[    9.636706] usbcore: registered new device driver usb
[    9.697123] PCI: Using ACPI for IRQ routing
[    9.742350] NetLabel: Initializing
[    9.785303] NetLabel:  domain hash size = 128
[    9.799095] NetLabel:  protocols = UNLABELED CIPSOv4
[    9.804578] NetLabel:  unlabeled traffic allowed by default
[    9.807006] amd_nb: Cannot enumerate AMD northbridges
[    9.820297] clocksource: Switched to clocksource kvm-clock
[   9.626]ppmo ApAorFilesysemnaed
[  1.546 pnp: nPACI int[  18880] pnp: PnP ACPI: found 3 devices

[   11.086986] clocksource: acpi_pm: mask: 0xffffff max_cycles: 0xffffff, max_idle_ns: 2085701024 ns
[   11.091654] NET: Registered protocol family 2
[   11.101517] TCP established hash table entries: 8192 (order: 4, 65536 bytes)
[   11.109898] TCP bind hash table entries: 8192 (order: 5, 131072 bytes)
[   11.111770] TCP: Hash tables configured (established 8192 bind 8192)
[   11.124383] UDP hash table entries: 512 (order: 2, 16384 bytes)
[   11.128183] UDP-Lite hash table entries: 512 (order: 2, 16384 bytes)
[   11.133470] NET: Registered protocol family 1
[   11.136213] pci 0000:00:00.0: Limiting direct PCI/PCI transfers
[   11.172986] pci 0000:00:01.0: Activating ISA DMA hang workarounds
[   11.179260] Unpacking initramfs...
[   15.830403] Freeing initrd memory: 10788K
[   15.833580] platform rtc_cmos: registered platform RTC device (no PNP device found)
[   15.836898] Scanning for low memory corruption every 60 seconds
[   15.846870] audit: initializing netlink subsys (disabled)
[   15.850036] audit: type=2000 audit(1514178858.759:1): initialized
[   15.851961] Initialise system trusted keyring
[   15.854797] HugeTLB registered 2 MB page size, pre-allocated 0 pages
[   15.864559] zbud: loaded
[   15.867109] VFS: Disk quotas dquot_6.6.0
[   15.870583] VFS: Dquot-cache hash table entries: 512 (order 0, 4096 bytes)
[   15.875478] squashfs: version 4.0 (2009/01/31) Phillip Lougher
[   15.880327] fuse init (API version 7.23)
[   15.883586] Key type big_key registered
[   15.886021] Allocating IMA MOK and blacklist keyrings.
[   15.897534] Key type asymmetric registered
[   15.900842] Asymmetric key parser 'x509' registered
[   15.902750] Block layer SCSI generic (bsg) driver version 0.4 loaded (major 249)
[   15.908839] io scheduler noop registered
[   15.916355] io scheduler deadline registered (default)
[   15.919575] io scheduler cfq registered
[   15.927315] pci_hotplug: PCI Hot Plug PCI Core version: 0.5
[   15.937555] pciehp: PCI Express Hot Plug Controller Driver version: 0.4
[   15.965273] ACPI: AC Adapter [AC] (off-line)
[   15.966454] input: Power Button as /devices/LNXSYSTM:00/LNXPWRBN:00/input/input0
[   15.968410] ACPI: Power Button [PWRF]
[   15.971313] input: Sleep Button as /devices/LNXSYSTM:00/LNXSLPBN:00/input/input1
[   15.973255] ACPI: Sleep Button [SLPF]
[   15.974529] GHES: HEST is not enabled!
[   15.975572] ACPI: Battery Slot [BAT0] (battery present)
[   15.980464] Serial: 8250/16550 driver, 32 ports, IRQ sharing enabled
[   16.017925] 00:02: ttyS0 at I/O 0x3f8 (irq = 4, base_baud = 115200) is a 16550A
[   16.029874] Linux agpgart interface v0.103
[   16.035814] loop: module loaded
[   16.040337] scsi host0: ata_piix
[   16.056591] scsi host1: ata_piix
[   16.065629] ata1: PATA max UDMA/33 cmd 0x1f0 ctl 0x3f6 bmdma 0xd000 irq 14
[   16.070646] ata2: PATA max UDMA/33 cmd 0x170 ctl 0x376 bmdma 0xd008 irq 15
[   16.081700] libphy: Fixed MDIO Bus: probed
[   16.084242] tun: Universal TUN/TAP device driver, 1.6
[   16.085672] tun: (C) 1999-2004 Max Krasnyansky <maxk@qualcomm.com>
[   16.088696] PPP generic driver version 2.4.2
[   16.089958] ehci_hcd: USB 2.0 'Enhanced' Host Controller (EHCI) Driver
[   16.145570] ehci-pci: EHCI PCI platform driver
[   16.168817] ehci-platform: EHCI generic platform driver
[   16.173834] ohci_hcd: USB 1.1 'Open' Host Controller (OHCI) Driver
[   16.177711] ohci-pci: OHCI PCI platform driver
[   16.218356] ohci-platform: OHCI generic platform driver
[   16.224865] uhci_hcd: USB Universal Host Controller Interface driver
[   16.251943] i8042: PNP: PS/2 Controller [PNP0303:PS2K,PNP0f03:PS2M] at 0x60,0x64 irq 1,12
[   16.260501] serio: i8042 KBD port at 0x60,0x64 irq 1
[   16.283979] serio: i8042 AUX port at 0x60,0x64 irq 12
[   16.287181] mousedev: PS/2 mouse device common for all mice
[   16.290979] input: AT Translated Set 2 keyboard as /devices/platform/i8042/serio0/input/input2
[   16.328807] rtc_cmos rtc_cmos: rtc core: registered rtc_cmos as rtc0
[   16.385490] rtc_cmos rtc_cmos: alarms up to one day, 114 bytes nvram
[   16.446511] i2c /dev entries driver
[   16.450561] device-mapper: uevent: version 1.0.3
[   16.453773] device-mapper: ioctl: 4.34.0-ioctl (2015-10-28) initialised: dm-devel@redhat.com
[   16.464886] ledtrig-cpu: registered to indicate activity on CPUs
[   16.472033] NET: Registered protocol family 10
[   16.570534] NET: Registered protocol family 17
[   16.602772] Key type dns_resolver registered
[   16.607806] microcode: CPU0 sig=0x406e3, pf=0x2, revision=0x0
[   16.635612] microcode: CPU1 sig=0x406e3, pf=0x2, revision=0x0
[   16.638111] microcode: Microcode Update Driver: v2.01 <tigran@aivazian.fsnet.co.uk>, Peter Oruba
[   16.642867] registered taskstats version 1
[   16.673298] Loading compiled-in X.509 certificates
[   16.679767] Loaded X.509 cert 'Build time autogenerated kernel key: 6495e09daeacef0cade9c1ea2246b74b6c79cd53'
[   16.690939] zswap: loaded using pool lzo/zbud
[   16.704291] Key type trusted registered
[   16.712831] Key type encrypted registered
[   16.716672] AppArmor: AppArmor sha1 policy hashing enabled
[   16.738738] ima: No TPM chip found, activating TPM-bypass!
[   16.747458] evm: HMAC attrs: 0x1
[   16.749664]   Magic number: 13:611:214
[   16.755491] rtc_cmos rtc_cmos: setting system clock to 2017-12-25 05:14:16 UTC (1514178856)
[   16.773081] BIOS EDD facility v0.16 2004-Jun-25, 0 devices found
[   16.788962] EDD information not available.
[   16.792920] Freeing unused kernel memory: 1492K
[   16.801564] Write protecting the kernel read-only data: 14336k
[   16.803485] Freeing unused kernel memory: 1744K
[   16.806846] Freeing unused kernel memory: 108K
Loading, please wait...
starting version[   16.825197] random: systemd-udevd: uninitialized urandom read (16 bytes read, 3 bits of entropy available)
 229
[   16.826078] random: udevadm: uninitialized urandom read (16 bytes read, 3 bits of entropy available)
[   16.826108] random: udevadm: uninitialized urandom read (16 bytes read, 3 bits of entropy available)
[   16.835827] random: udevadm: uninitialized urandom read (16 bytes read, 3 bits of entropy available)
[   16.835883] random: udevadm: uninitialized urandom read (16 bytes read, 3 bits of entropy available)
[   16.836047] random: udevadm: uninitialized urandom read (16 bytes read, 3 bits of entropy available)
[   16.836110] random: udevadm: uninitialized urandom read (16 bytes read, 3 bits of entropy available)
[   16.836169] random: udevadm: uninitialized urandom read (16 bytes read, 3 bits of entropy available)
[   16.836228] random: udevadm: uninitialized urandom read (16 bytes read, 3 bits of entropy available)
[   16.836285] random: udevadm: uninitialized urandom read (16 bytes read, 3 bits of entropy available)
[   16.920467] tsc: Refined TSC clocksource calibration: 2400.866 MHz
[   16.922932] clocksource: tsc: mask: 0xffffffffffffffff max_cycles: 0x229b69962eb, max_idle_ns: 440795246822 ns
[   17.003409] e1000: Intel(R) PRO/1000 Network Driver - version 7.3.21-k8-NAPI
[   17.082054] e1000: Copyright (c) 1999-2006 Intel Corporation.
[   17.091637] Fusion MPT base driver 3.04.20
[   17.093967] Copyright (c) 1999-2008 LSI Corporation
[   17.167781] AVX2 version of gcm_enc/dec engaged.
[   17.185122] AES CTR mode by8 optimization enabled
[   17.191664] Fusion MPT SPI Host driver 3.04.20
[   17.303262] input: ImExPS/2 Generic Explorer Mouse as /devices/platform/i8042/serio1/input/input4
[   17.530992] e1000 0000:00:03.0 eth0: (PCI:33MHz:32-bit) 02:63:8e:2c:ef:cd
[   17.548428] e1000 0000:00:03.0 eth0: Intel(R) PRO/1000 Network Connection
[   17.565804] mptbase: ioc0: Initiating bringup
[   17.645198] ioc0: LSI53C1030 A0: Capabilities={Initiator}
[   17.876928] scsi host2: ioc0: LSI53C1030 A0, FwRev=00000000h, Ports=1, MaxQ=256, IRQ=20
[   18.051115] scsi 2:0:0:0: Direct-Access     VBOX     HARDDISK         1.0  PQ: 0 ANSI: 5
[   18.106866] scsi target2:0:0: Beginning Domain Validation
[   18.120645] scsi target2:0:0: Domain Validation skipping write tests
[   18.144896] scsi target2:0:0: Ending Domain Validation
[   18.156499] scsi target2:0:0: asynchronous
[   18.162707] scsi 2:0:1:0: Direct-Access     VBOX     HARDDISK         1.0  PQ: 0 ANSI: 5
[   18.210047] scsi target2:0:1: Beginning Domain Validation
[   18.249125] scsi target2:0:1: Domain Validation skipping write tests
[   18.266144] scsi target2:0:1: Ending Domain Validation
[   18.286344] scsi target2:0:1: asynchronous
[   18.309757] sd 2:0:0:0: Attached scsi generic sg0 type 0
[   18.328216] sd 2:0:0:0: [sda] 20971520 512-byte logical blocks: (10.7 GB/10.0 GiB)
[   18.352672] sd 2:0:1:0: [sdb] 20480 512-byte logical blocks: (10.5 MB/10.0 MiB)
[   18.388203] sd 2:0:1:0: Attached scsi generic sg1 type 0
[   18.392423] sd 2:0:0:0: [sda] Write Protect is off
[   18.402133] sd 2:0:1:0: [sdb] Write Protect is off
[   18.415166] sd 2:0:0:0: [sda] Incomplete mode parameter data
[   18.434337] sd 2:0:0:0: [sda] Assuming drive cache: write through
[   18.436425] sd 2:0:1:0: [sdb] Incomplete mode parameter data
[   18.448986] sd 2:0:1:0: [sdb] Assuming drive cache: write through
[   18.528677]  sda: sda1
[   18.550518] sd 2:0:0:0: [sda] Attached SCSI disk
[   18.557712] e1000 0000:00:08.0 eth1: (PCI:33MHz:32-bit) 08:00:27:56:b7:9a
[   18.557715] e1000 0000:00:08.0 eth1: Intel(R) PRO/1000 Network Connection
[   18.642664] e1000 0000:00:08.0 enp0s8: renamed from eth1
[   18.685251] e1000 0000:00:03.0 enp0s3: renamed from eth0
[   18.923867] sd 2:0:1:0: [sdb] Attached SCSI disk
[   20.117151] floppy0: no floppy controllers found
[   20.619828] random: nonblocking pool is initialized
Begin: Loading e[   22.170899] md: linear personality registered for level -1
ssential drivers ... [   22.225482] md: multipath personality registered for level -4
[   22.304795] md: raid0 personality registered for level 0
[   22.362751] md: raid1 personality registered for level 1
[   22.484888] raid6: sse2x1   gen()  6063 MB/s
[   22.552304] raid6: sse2x1   xor()  3294 MB/s
[   22.629144] raid6: sse2x2   gen()  4954 MB/s
[   22.712549] raid6: sse2x2   xor()  3834 MB/s
[   22.796987] raid6: sse2x4   gen()  7349 MB/s
[   22.893091] raid6: sse2x4   xor()  4022 MB/s
[   22.968486] raid6: avx2x1   gen()  8321 MB/s
[   23.044323] raid6: avx2x2   gen() 11576 MB/s
[   23.124683] raid6: avx2x4   gen() 10944 MB/s
[   23.141048] raid6: using algorithm avx2x2 gen() 11576 MB/s
[   23.142213] raid6: using avx2x2 recovery algorithm
[   23.146076] xor: automatically using best checksumming function:
[   23.192448]    avx       : 11265.000 MB/sec
[   23.208034] async_tx: api initialized (async)
[   23.242085] md: raid6 personality registered for level 6
[   23.246107] md: raid5 personality registered for level 5
[   23.249847] md: raid4 personality registered for level 4
[   23.345606] md: raid10 personality registered for level 10
done.
Begin: Running /scripts/init-premount ... done.
Begin: Mounting root file system ... Begin: Running /scripts/local-top ... done.
Begin: Running /scripts/local-premount ... [   23.380762] Btrfs loaded
Scanning for Btrfs filesystems
done.
Warning: fsck not present, so skipping root file[   23.700473] EXT4-fs (sda1): INFO: recovery required on readonly filesystem
 system
[   23.711263] EXT4-fs (sda1): write access will be enabled during recovery
[   26.229537] EXT4-fs (sda1): recovery complete
[   26.232545] EXT4-fs (sda1): mounted filesystem with ordered data mode. Opts: (null)
done.
Begin: Running /scripts/local-bottom ... done.
Begin: Running /scripts/init-bottom ... done.
[   32.03211] systemd[1]: systemd 229 running in system mode. (+PAM +AUDIT +SELINUX +IMA +APPARMOR +SMCK+SYSVINIT +UTMP +LIBCRYPTSETUP +GCRYPT +GNUTLS +ACL +XZ -LZ4 +SECCOMP +BLKID +ELFUTILS +KMOD -IDN)
[  3.2182]ysem[1]: Detected virtualization oracle.

[   32.600501] systmd1] Deeced architecture x86-6.

Welcome to [1mUbuntu 16.04.3 LTS[0m!

[  33.096160] systemd[1]: Set hostname to <ubuntu-xenial>.

[   39.9184] systemd[1]: aredFoard Password Requests to Wall Directory Watch.

[[0;32m  OK  [0m] Started Forward Password Requests to Wall Directory Watch.
[   40.330178] systemd[1: eached target User and Group Name Lookups.

[[0;32m  OK  [0m] Reached target User and Group Name Lookups.
[   40.546759] systemd[1]: Reached target Encrypted Volumes.
[[0;32m  OK  [0m] Reached target Encrypted Volumes.
[   40.866619] systemd[1]: Reached target Swap.
[[0;32m  OK  [0m] Reached target Swap.
[   40.873253] systemd[1]: Listening on udev Control Socket.
[[0;32m  OK  [0m] Listening on udev Control Socket.
[   40.879662] systemd[1]: Listening on LVM2 poll daemon socket.
[[0;32m  OK  [0m] Listening on LVM2 poll daemon socket.
[   40.885977] systemd[1]: Listening on Device-mapper event daemon FIFOs.
[[0;32m  OK  [0m] Listening on Device-mapper event daemon FIFOs.
[   40.894909] systemd[1]: Listening on LVM2 metadata daemon socket.
[[0;32m  OK  [0m] Listening on LVM2 metadata daemon socket.
[   41.131300] systemd[1]: Set up automount Arbitrary Executable File Formats File System Automount Point.
[[0;32m  OK  [0m] Set up automount Arbitrary Executab...ats File System Automount Point.
[   41.144228] systemd[1]: Listening on /dev/initctl Compatibility Named Pipe.
[[0;32m  OK  [0m] Listening on /dev/initctl Compatibility Named Pipe.
[   41.151145] systemd[1]: Created slice System Slice.
[[0;32m  OK  [0m] Created slice System Slice.
[   41.156833] systemd[1]: Created slice system-serial\x2dgetty.slice.
[[0;32m  OK  [0m] Created slice system-serial\x2dgetty.slice.
[   41.196003] systemd[1]: Listening on Journal Socket (/dev/log).
[[0;32m  OK  [0m] Listening on Journal Socket (/dev/log).
[  41.202483] systemd[1]: Created slice User and Session Slice.
[[0;32m  OK  [0m] Created slice User and Session Slice.
[   41.654545] systemd[1]: Reached target Slices.
[[0;32m  OK  [0m] Reached target Slices.
[   41.677667] systemd[1]: Listening on Journal Audit Socket.
[[0;32m  OK  [0m] Listening on Journal Audit Socket.
[   41.790181] systemd[1]: Listening on udev Kernel Socket.
[[0;32m  OK  [0m] Listening on udev Kernel Socket.
[   41.897828] systemd[1]: Started Trigger resolvconf update for networkd DNS.
[[0;32m  OK  [0m] Started Trigger resolvconf update for networkd DNS.
[   41.927859] systemd[1]: Listening on Journal Socket.
[[0;32m  OK  [0m] Listening on Journal Socket.
[   42.080926] systemd[1]: Starting Nameserver information manager...
         Starting Nameserver information manager...
[   42.113908] systemd[1]: Starting Create list of required static device nodes for the current kernel...
         Starting Create list of required st... nodes for the current kernel...
[   42.188904] systemd[1]: Mounting Huge Pages File System...
         Mounting Huge Pages File System...
[   42.233172] systemd[1]: Starting Set console keymap...
         Starting Set console keymap...
[   42.368491] systemd[1]: Starting Load Kernel Modules...
         Starting Load Kernel Modules...
[   42.388082] systemd[1]: Mounting POSIX Message Queue File System...
         Mounting POSIX Message Queue File System...
[   42.437162] systemd[1]: Mounting Debug File System...
         Mounting Debug File System...
[   42.472895] systemd[1]: Starting Uncomplicated firewall...
         Starting Uncomplicated firewall...
[   42.536507] systemd[1]: Listening on Syslog Socket.
[[0;32m  OK  [0m] Listening on Syslog Socket.
[   42.826161] systemd[1]: Starting Monitoring of LVM2 mirrors, snapshots etc. using dmeventd or progress polling...
         Starting Monitoring of LVM2 mirrors... dmeventd or progress polling...
[   43.033456] systemd[1]: Starting Journal Service...
         Starting Journal Servic[   43.091628] Loading iSCSI transport class v2.0-870.
e...
[   43.140869] systemd[1]: Starting Remount Root and Kernel File Systems...
         Starting Remount Root and Kernel File Systems...
[   43.207871] systemd[1]: Started Create list of required static device nodes for the current kernel.
[[0;32m  OK  [0m] Started Create list of required sta...ce nodes for the current kernel.
[   4.238342] systemd[1]: Started Uncomplicated firewall.

[[0;32m  OK  [0m] Started Uncomplicated firewall.
[   43.365550] systemd[1]: Starting Create Static Device Nodes in /dev...
         Starting Create Static Device Nodes in /dev...
[   43.452185] iscsi: registered transport (tcp)
[   43.466424] systemd[1]: Mounted POSIX Message Queue File System.
[[0;32m  OK  [0m] Mounted POSIX Message Queue File System.
[   43.476223] systemd[1]: Mounted Debug File System.
[   43.651332] EXT4-fs (sda1): re-mounted. Opts: (null)
[[0;32m  OK  [0m] Mounted Debug File System.
[   43.722374] systemd[1]: Mounted Huge Pages File System.
[[0;32m  OK  [0m] Mounted Huge Pages File System.
[   43.750724] systemd[1]: Started Remount Root and Kernel File Systems.
[[0;32m  OK  [0m] Started Remount Root and Kernel File Systems.
[   44.918850] systemd[1]: Starting udev Coldplug all Devices...
         Starting udev Coldplug all Devices...
[   44.926618] systemd[1]: Starting Load/Save Random Seed...
         Starting Load/Save Random Seed...
[   44.948213] systemd[1]: Starting Initial cloud-init job (pre-networking)...
         Starting Initial cloud-init job (pre-networking)...
[   44.976143] systemd[1]: Started Nameserver information manager.
[[0;32m  OK  [0m] Started Nameserver information manager.
[   45.449689] systemd[1]: Started Set console keymap.
[[0;32m  OK  [0m] Started Set console keymap.
[   45.494986] systemd[1]: Started udev Coldplug all Devices.
[[0;32m  OK  [0m] Started udev Coldplug all Devices.
[   45.558736] systemd[1]: Started Load/Save Random Seed.
[[0;32m  OK  [0m] Started Load/Save Random Seed.
[   45.696572] systemd[1]: Started LVM2 metadata daemon.
[[0;32m  OK  [0m] Started LVM2 metadata daemon.
[   45.714700] systemd[1]: Started Journal Service.
[[0;32m  OK  [0m] Started Journal Service.
         Starting Flush Journal to Persistent Storage...
[   46.192747] iscsi: registered transport (iser)
[[0;32m  OK  [0m] Started Load Kernel Modules.
         Mounting FUSE Control File System...
         Starting Apply Kernel Variables...
[[0;32m  OK  [0m] Mounted FUSE Control File System.
[   46.909438] systemd-journald[403]: Received request to flush runtime journal from PID 1
[[0;32m  OK  [0m] Started Flush Journal to Persistent Storage.
[[0;32m  OK  [0m] Started Monitoring of LVM2 mirrors,...ng dmeventd or progress polling.
[[0;32m  OK  [0m] Started Apply Kernel Variables.
[[0;32m  OK  [0m] Started Create Static Device Nodes in /dev.
         Starting udev Kernel Device Manager...
[[0;32m  OK  [0m] Started udev Kernel Device Manager.
[[0;32m  OK  [0m] Started Dispatch Password Requests to Console Directory Watch.
[[0;32m  OK  [0m] Reached target Local File Systems (Pre).
[[0;32m  OK  [0m] Reached target Local File Systems.
         Starting LSB: AppArmor initialization...
         Starting Create Volatile Files and Directories...
         Starting Set console font and keymap...
         Starting Tell Plymouth To Write Out Runtime Data...
[[0;32m  OK  [0m] Started Tell Plymouth To Write Out Runtime Data.
[[0;32m  OK  [0m] Found device /dev/ttyS0.
[[0;32m  OK  [0m] Started Create Volatile Files and Directories.
         Starting Update UTMP about System Boot/Shutdown...
[[0;32m  OK  [0m] Reached target System Time Synchronized.
[[0;32m  OK  [0m] Started Update UTMP about System Boot/Shutdown.
[[0;32m  OK  [0m] Found device 82540EM Gigabit Ethern...r (PRO/1000 MT Desktop Adapter).
[[0;32m  OK  [0m] Found device 82540EM Gigabit Ethern...r (PRO/1000 MT Desktop Adapter).
[[0;32m  OK  [0m] Started Set console font and keymap.
[[0;32m  OK  [0m] Created slice system-getty.slice.
[[0;32m  OK  [0m] Listening on Load/Save RF Kill Switch Status /dev/rfkill Watch.
[[0;32m  OK  [0m] Started LSB: AppArmor initialization.
[   56.613365] ccoud-init[433]: Cloud-init v. 17.1 running 'init-local' at Mon, 25 Dec 2017 05:15:04 +0000. Up 55.24 seconds.
[[0;32m  OK  [0m] Started Initial cloud-init job (pre-networking).
[[0;32m  OK  [0m] Reached target Network (Pre).
[[0;32m  OK  [0m] Started ifup for enp0s3.
         Starting Raise network interfaces...
[[0;32m  OK  [0m] Started ifup for enp0s8.
[[0;32m  OK  [0m] Started Raise network interfaces.
         Starting Initial cloud-init job (metadata service crawler)...
[[0;32m  OK  [0m] Reached target Network.
[   61.323105] cloud-init[1068]: Cloud-init v. 17.1 running 'init' at Mon, 25 Dec 2017 05:15:07 +0000. Up 58.82 seconds.
[   61.430427] cloud-init[1068]: ci-info: ++++++++++++++++++++++++++++++++++++++Net device info++++++++++++++++++++++++++++++++++++++
[   61.447700] cloud-init[1068]: ci-info: +--------+------+-----------------------------+---------------+-------+-------------------+
[   61.465311] cloud-init[1068]: ci-info: | Device |  Up  |           Address           |      Mask     | Scope |     Hw-Address    |
[[0;32m  OK  [0m] Started Initial cloud-init job (metadata service crawler).
[   61.532561] cloud-init[1068]: ci-info: +--------+------+-----------------------------+---------------+-------+-------------------+
[   61.622315] cloud-init[1068]: ci-info: | enp0s3 | True |          10.0.2.15          | 255.255.255.0 |   .   | 02:63:8e:2c:ef:cd |
[[0;32m  OK  [0m] Reached target System Initialization.
[   61.625109] cloud-init[1068]: ci-info: | enp0s3 | True |  fe80::63:8eff:fe2c:efcd/64 |       .       |  link | 02:63:8e:2c:ef:cd |
[   61.945669] cloud-init[1068]: ci-info: | enp0s8 | True |        192.168.33.10        | 255.255.255.0 |   .   | 08:00:27:56:b7:9a |
[[0;32m  OK  [0m] Started Timer to automatically refresh installed snaps.
[   61.948458]          cloud-initStarting Socket activation for snappy daemon.[1068]: 
ci-info: | enp0s8 | True | fe80::a00:27ff:fe56:b79a/64 |       .       |  link | 08:00:27:56:b7:9a |
[   62.432808] [cloud-init[0;32m  OK  [0m[1068]: ] ci-info: |   lo   | True |          127.0.0.1          |   255.0.0.0   |   .   |         .         |Started ACPI Events Check.

[   62.436039] [cloud-init[0;32m  OK  [0m[1068]: ] ci-info: |   lo   | True |           ::1/128           |       .       |  host |         .         |Reached target Paths.

[   62.587013] cloud-init[1068]: ci-info: +--------+------+-----------------------------+---------------+-------+-------------------+
[   62.727197]          cloud-initStarting LXD - unix socket.[1068]: 
ci-info: ++++++++++++++++++++++++++++Route IPv4 info++++++++++++++++++++++++++++
[   62.750096] cloud-init[1068]: ci-info: +-------+--------------+----------+---------------+-----------+-------+
[[0;32m  OK  [0m] Listening on UUID daemon activation socket.
[   62.752778] cloud-init[1068]: ci-info: | Route | Destination  | Gateway  |    Genmask    | Interface | Flags |
[[0;32m  OK  [0m] Started Daily Cleanup of Temporary Directories.
[   62.792525] [[0;32m  OK  [0m] Listening on D-Bus System Message Bus Socket.
cloud-init[1068]: ci-info: +-------+--------------+----------+---------------+-----------+-------+
[   63.117538] [[0;32m  OK  [0m] Listening on ACPID Listen Socket.
cloud-init[1068]: ci-info: |   0   |   0.0.0.0    | 10.0.2.2 |    0.0.0.0    |   enp0s3  |   UG  |
[   63.293440] [cloud-init[0;32m  OK  [0m[1068]: ] ci-info: |   1   |   10.0.2.0   | 0.0.0.0  | 255.255.255.0 |   enp0s3  |   U   |Reached target Network is Online.

[   63.295943] cloud-init[1068]: ci-info: |   2   | 192.168.33.0 | 0.0.0.0  | 255.255.255.0 |   enp0s8  |   U   |
[   63.541975]          Starting iSCSI initiator daemon (iscsid)...
cloud-init[1068]: ci-info: +-------+--------------+----------+---------------+-----------+-------+
[[0;32m  OK  [0m] Started Daily apt download activities.
[[0;32m  OK  [0m] Started Daily apt upgrade and clean activities.
[[0;32m  OK  [0m] Reached target Timers.
[[0;32m  OK  [0m] Reached target Cloud-config availability.
[[0;32m  OK  [0m] Listening on Socket activation for snappy daemon.
[[0;32m  OK  [0m] Listening on LXD - unix socket.
[[0;32m  OK  [0m] Reached target Sockets.
[[0;32m  OK  [0m] Reached target Basic System.
         Starting LSB: MD monitoring daemon...
[[0;32m  OK  [0m] Started Deferred execution scheduler.
[[0;32m  OK  [0m] Started ACPI event daemon.
[[0;32m  OK  [0m] Started Regular background program processing daemon.
[[0;32m  OK  [0m] Started D-Bus System Message Bus.
[[0;32m  OK  [0m] Started Unattended Upgrades Shutdown.
         Starting /etc/rc.local Compatibility...
         Starting LSB: Record successful boot for GRUB...
         Starting System Logging Service...
         Starting LXD - container startup/shutdown...
         Starting Accounts Service...
         Starting Apply the settings specified in cloud-config...
         Starting Login Service...
[[0;32m  OK  [0m] Started FUSE filesystem for LXC.
         Starting OpenBSD Secure Shell server...
         Starting Snappy daemon...
[[0;32m  OK  [0m] Started iSCSI initiator daemon (iscsid).
[[0;32m  OK  [0m] Started /etc/rc.local Compatibility.
         Starting Login to default iSCSI targets...
[[0;32m  OK  [0m] Started Login Service.
[[0;32m  OK  [0m] Started LSB: Record successful boot for GRUB.
[[0;32m  OK  [0m] Started Login to default iSCSI targets.
[[0;32m  OK  [0m] Reached target Remote File Systems (Pre).
[[0;32m  OK  [0m] Reached target Remote File Systems.
         Starting LSB: Set the CPU Frequency Scaling governor to "ondemand"...
         Starting LSB: VirtualBox Linux Additions...
         Starting Permit User Sessions...
         Starting LSB: daemon to balance interrupts for SMP systems...
         Starting LSB: automatic crash report generation...
[[0;32m  OK  [0m] Started LSB: MD monitoring daemon.
[[0;32m  OK  [0m] Started LSB: Set the CPU Frequency Scaling governor to "ondemand".
[[0;32m  OK  [0m] Started Permit User Sessions.
         Starting Hold until boot process finishes up...
         Starting Terminate Plymouth Boot Screen...
[[0;32m  OK  [0m] Started System Logging Service.
[[0;32m  OK  [0m] Started Hold until boot process finishes up.
[[0;32m  OK  [0m] Started Terminate Plymouth Boot Screen.
[[0;32m  OK  [0m] Started Getty on tty1.
[[0;32m  OK  [0m] Started Serial Getty on ttyS0.
[[0;32m  OK  [0m] Reached target Login Prompts.
         Starting Set console scheme...
[[0;32m  OK  [0m] Started Set console scheme.
[[0;32m  OK  [0m] Started LSB: automatic crash report generation.
[[0;32m  OK  [0m] Started LSB: daemon to balance interrupts for SMP systems.
[   69.315227] cloud-init[1153]: Cloud-init v. 17.1 running 'modules:config' at Mon, 25 Dec 2017 05:15:14 +0000. Up 65.69 seconds.
[[0;32m  OK  [0m] Started Apply the settings specified in cloud-config.
[[0;32m  OK  [0m] Started OpenBSD Secure Shell server.

Ubuntu 16.04.3 LTS ubuntu-xenial ttyS0

ubuntu-xenial login: [   81.375008] cloud-init[1304]: Cloud-init v. 17.1 running 'modules:final' at Mon, 25 Dec 2017 05:15:29 +0000. Up 80.81 seconds.
[   81.377073] cloud-init[1304]: Cloud-init v. 17.1 finished at Mon, 25 Dec 2017 05:15:30 +0000. Datasource DataSourceNoCloud [seed=/dev/sdb][dsmode=net].  Up 81.35 seconds
